<?xml version="1.0" encoding="UTF-8"?>
<!-- Generated by org.testng.reporters.JUnitReportReporter -->
<testsuite skipped="1" hostname="LAPTOP-9R9BVN2E" name="testngpack.Flag2" tests="3" failures="0" timestamp="2022-08-26T17:07:37 IST" time="0.010" errors="0">
  <testcase name="method3" time="0.002" classname="testngpack.Flag2"/>
  <system-out>
    <![CDATA[ActiTime Create reports]]>
  </system-out>
  <testcase name="method2" time="0.008" classname="testngpack.Flag2"/>
  <system-out>
    <![CDATA[ActiTime Create User]]>
  </system-out>
  <testcase name="method1" classname="testngpack.Flag2">
    <skipped/>
  </testcase> <!-- method1 -->
  <system-out/>
</testsuite> <!-- testngpack.Flag2 -->
