<?xml version="1.0" encoding="UTF-8"?>
<!-- Generated by org.testng.reporters.JUnitReportReporter -->
<testsuite skipped="0" hostname="LAPTOP-9R9BVN2E" name="testngpack.Flag3" tests="10" failures="0" timestamp="2022-08-26T18:38:43 IST" time="0.020" errors="0">
  <testcase name="validLogin" time="0.008" classname="testngpack.Flag3"/>
  <system-out>
    <![CDATA[valid Login]]>
  </system-out>
  <testcase name="f" time="0.002" classname="testngpack.Flag3"/>
  <system-out>
    <![CDATA[f method]]>
  </system-out>
  <testcase name="s" time="0.002" classname="testngpack.Flag3"/>
  <system-out>
    <![CDATA[s method]]>
  </system-out>
  <testcase name="k" time="0.002" classname="testngpack.Flag3"/>
  <system-out>
    <![CDATA[k method]]>
  </system-out>
  <testcase name="x" time="0.001" classname="testngpack.Flag3"/>
  <system-out>
    <![CDATA[x method]]>
  </system-out>
  <testcase name="e" time="0.001" classname="testngpack.Flag3"/>
  <system-out>
    <![CDATA[e method]]>
  </system-out>
  <testcase name="z" time="0.001" classname="testngpack.Flag3"/>
  <system-out>
    <![CDATA[z method]]>
  </system-out>
  <testcase name="g" time="0.001" classname="testngpack.Flag3"/>
  <system-out>
    <![CDATA[g method]]>
  </system-out>
  <testcase name="a" time="0.001" classname="testngpack.Flag3"/>
  <system-out>
    <![CDATA[a method]]>
  </system-out>
  <testcase name="v" time="0.001" classname="testngpack.Flag3"/>
  <system-out>
    <![CDATA[v method]]>
  </system-out>
</testsuite> <!-- testngpack.Flag3 -->
