<?xml version="1.0" encoding="UTF-8"?>
<!-- Generated by org.testng.reporters.JUnitReportReporter -->
<testsuite skipped="0" hostname="LAPTOP-9R9BVN2E" name="testngpack.Flag6" tests="1" failures="0" timestamp="2022-08-31T10:07:52 IST" time="0.010" errors="0">
  <testcase name="st6" time="0.010" classname="testngpack.Flag6"/>
  <system-out>
    <![CDATA[Smoke test case 6]]>
  </system-out>
</testsuite> <!-- testngpack.Flag6 -->
