<?xml version="1.0" encoding="UTF-8"?>
<!-- Generated by org.testng.reporters.JUnitReportReporter -->
<testsuite skipped="0" hostname="LAPTOP-9R9BVN2E" name="testngpack.Class1" tests="1" failures="0" timestamp="2022-08-25T15:26:08 IST" time="11.956" errors="0">
  <testcase name="launchGoogle" time="11.956" classname="testngpack.Class1"/>
  <system-out/>
</testsuite> <!-- testngpack.Class1 -->
