<?xml version="1.0" encoding="UTF-8"?>
<!-- Generated by org.testng.reporters.JUnitReportReporter -->
<testsuite skipped="0" hostname="LAPTOP-9R9BVN2E" name="testngpack.Demo" tests="1" failures="0" timestamp="2022-08-25T15:33:46 IST" time="0.008" errors="0">
  <testcase name="method1" time="0.008" classname="testngpack.Demo"/>
  <system-out>
    <![CDATA[method 1 ]]>
  </system-out>
</testsuite> <!-- testngpack.Demo -->
