<?xml version="1.0" encoding="UTF-8"?>
<!-- Generated by org.testng.reporters.JUnitReportReporter -->
<testsuite skipped="0" hostname="LAPTOP-9R9BVN2E" name="testngpack.Class2" tests="1" failures="0" timestamp="2022-08-25T15:29:01 IST" time="6.370" errors="0">
  <testcase name="launchGoogle" time="6.370" classname="testngpack.Class2"/>
  <system-out/>
</testsuite> <!-- testngpack.Class2 -->
