<?xml version="1.0" encoding="UTF-8"?>
<!-- Generated by org.testng.reporters.JUnitReportReporter -->
<testsuite skipped="0" hostname="LAPTOP-9R9BVN2E" name="testngpack.Sumo" tests="1" failures="0" timestamp="2022-08-25T15:37:48 IST" time="0.009" errors="0">
  <testcase name="method3" time="0.009" classname="testngpack.Sumo"/>
  <system-out>
    <![CDATA[method 3]]>
  </system-out>
</testsuite> <!-- testngpack.Sumo -->
